15:37:53 **** Incremental Build of project build ****
/usr/bin/make -j4 all 
/usr/bin/cmake -H/home/sunny/huawe_test/cdn -B/home/sunny/huawe_test/build --check-build-system CMakeFiles/Makefile.cmake 0
/usr/bin/cmake -E cmake_progress_start /home/sunny/huawe_test/build/CMakeFiles /home/sunny/huawe_test/build/CMakeFiles/progress.marks
/usr/bin/make -f CMakeFiles/Makefile2 all
make[1]: 正在进入目录 `/home/sunny/huawe_test/build'
/usr/bin/make -f CMakeFiles/cdn.dir/build.make CMakeFiles/cdn.dir/depend
make[2]: 正在进入目录 `/home/sunny/huawe_test/build'
cd /home/sunny/huawe_test/build && /usr/bin/cmake -E cmake_depends "Unix Makefiles" /home/sunny/huawe_test/cdn /home/sunny/huawe_test/cdn /home/sunny/huawe_test/build /home/sunny/huawe_test/build /home/sunny/huawe_test/build/CMakeFiles/cdn.dir/DependInfo.cmake --color=
Scanning dependencies of target cdn
make[2]:正在离开目录 `/home/sunny/huawe_test/build'
/usr/bin/make -f CMakeFiles/cdn.dir/build.make CMakeFiles/cdn.dir/build
make[2]: 正在进入目录 `/home/sunny/huawe_test/build'
/usr/bin/cmake -E cmake_progress_report /home/sunny/huawe_test/build/CMakeFiles 3
[ 25%] Building CXX object CMakeFiles/cdn.dir/Graph.cpp.o
/usr/bin/c++    -O3 -Wall -std=c++11 -I/home/sunny/huawe_test/cdn/lib    -o CMakeFiles/cdn.dir/Graph.cpp.o -c /home/sunny/huawe_test/cdn/Graph.cpp
Linking CXX executable /home/sunny/huawe_test/bin/cdn
/usr/bin/cmake -E cmake_link_script CMakeFiles/cdn.dir/link.txt --verbose=1
/usr/bin/c++    -O3 -Wall -std=c++11    CMakeFiles/cdn.dir/cdn.cpp.o CMakeFiles/cdn.dir/io.cpp.o CMakeFiles/cdn.dir/Graph.cpp.o CMakeFiles/cdn.dir/deploy.cpp.o  -o /home/sunny/huawe_test/bin/cdn -rdynamic 
make[2]:正在离开目录 `/home/sunny/huawe_test/build'
/usr/bin/cmake -E cmake_progress_report /home/sunny/huawe_test/build/CMakeFiles  1 2 3 4
[100%] Built target cdn
make[1]:正在离开目录 `/home/sunny/huawe_test/build'
/usr/bin/cmake -E cmake_progress_start /home/sunny/huawe_test/build/CMakeFiles 0

15:37:54 Build Finished (took 979ms)

